<?xml version="1.0" encoding="UTF-8"?>
<testsuite xmlns:xsi="http://www.w3.org/2001/XMLSchema-instance" xsi:schemaLocation="https://maven.apache.org/surefire/maven-surefire-plugin/xsd/surefire-test-report.xsd" name="com.pdp.test.RunnerTest" time="490.175" tests="107" errors="0" skipped="1" failures="2">
  <properties>
[...]
</properties>
  <testcase name="Given Load the url &quot;environment&quot;" classname="| environment | 10006 |" time="0.002"/>
  <testcase name="Then Clicking on Signup button" classname="| environment | 10006 |" time="0"/>
  <testcase name="Then Setting email ID in sign up" classname="| environment | 10006 |" time="0"/>
  <testcase name="Then Setting &quot;password&quot; as &quot;Right@123&quot;" classname="| environment | 10006 |" time="0"/>
  <testcase name="Then Setting &quot;confirmpassword&quot; as &quot;Right@123&quot;" classname="| environment | 10006 |" time="0"/>
  <testcase name="Then Clicking on the &quot;signUpNewBtn&quot; button" classname="| environment | 10006 |" time="0"/>
  <testcase name="Then Click on Create Manual Profile" classname="| environment | 10006 |" time="0"/>
  <testcase name="Then Setting &quot;firstName&quot; as &quot;Bat&quot;" classname="| environment | 10006 |" time="0"/>
  <testcase name="Then Setting &quot;lastname&quot; as &quot;Man&quot;" classname="| environment | 10006 |" time="0"/>
  <testcase name="Then Setting &quot;streetAddress1&quot; as &quot;220,P.K.Street&quot;" classname="| environment | 10006 |" time="0"/>
  <testcase name="Then Setting &quot;city&quot; as &quot;Milwauke&quot;" classname="| environment | 10006 |" time="0"/>
  <testcase name="Then Setting &quot;postCode&quot; as &quot;10006&quot;" classname="| environment | 10006 |" time="0"/>
  <testcase name="Then Setting &quot;phoneNumber&quot; as &quot;9876543212&quot;" classname="| environment | 10006 |" time="0"/>
  <testcase name="Then Slecting &quot;Alaska&quot; from &quot;state&quot; dropdown" classname="| environment | 10006 |" time="0"/>
  <testcase name="Then Slecting skills &quot;Java - Programming&quot; from the skill dropdown" classname="| environment | 10006 |" time="0"/>
  <testcase name="Then Clicking on the &quot;contactNext&quot; button" classname="| environment | 10006 |" time="0"/>
  <testcase name="Then Clicking on the &quot;Phone&quot; in communication prferances" classname="| environment | 10006 |" time="0"/>
  <testcase name="Then Clicking on the &quot;Weekly Email Notifications&quot; in communication prferances" classname="| environment | 10006 |" time="0"/>
  <testcase name="Then Clicking on the &quot;finishProfile&quot; button" classname="| environment | 10006 |" time="0"/>
  <testcase name="Then To verify the profile created" classname="| environment | 10006 |" time="0"/>
  <testcase name="Then Sign out of the user" classname="| environment | 10006 |" time="0"/>
  <testcase name="| environment | 10006 |" classname="| environment | 10006 |" time="4.701"/>
  <testcase name="Given Load the url &quot;environment&quot;" classname="| environment |" time="0"/>
  <testcase name="Given Load the url &quot;environment&quot;" classname="| environment |" time="0"/>
  <testcase name="Given Load the url &quot;environment&quot;" classname="| environment |" time="0"/>
  <testcase name="Then Clicking on Login button" classname="| environment |" time="0"/>
  <testcase name="Then Clicking on Login button" classname="| environment |" time="0"/>
  <testcase name="Then Clicking on Login button" classname="| environment |" time="0"/>
  <testcase name="Then Clicking on Login button" classname="| environment |" time="0"/>
  <testcase name="Then Setting &quot;Email&quot; in login &quot;txtUserName&quot; from output" classname="| environment |" time="0"/>
  <testcase name="Then Setting &quot;Email&quot; in login &quot;txtUserName&quot; from output" classname="| environment |" time="0"/>
  <testcase name="Then Setting &quot;Email&quot; in login &quot;txtUserName&quot; from output" classname="| environment |" time="0"/>
  <testcase name="Then Setting &quot;Email&quot; in login &quot;txtUserName&quot; from output" classname="| environment |" time="0"/>
  <testcase name="Then Setting &quot;Password&quot; in login &quot;txtPassword&quot;" classname="| environment |" time="0"/>
  <testcase name="Then Setting &quot;Password&quot; in login &quot;txtPassword&quot;" classname="| environment |" time="0"/>
  <testcase name="Then Setting &quot;Password&quot; in login &quot;txtPassword&quot;" classname="| environment |" time="0"/>
  <testcase name="Then Clicking on the &quot;loginbtn&quot; button" classname="| environment |" time="0"/>
  <testcase name="Then Clicking on the &quot;loginbtn&quot; button" classname="| environment |" time="0"/>
  <testcase name="Then Clicking on the &quot;loginbtn&quot; button" classname="| environment |" time="0"/>
  <testcase name="Then Clicking on the &quot;loginbtn&quot; button" classname="| environment |" time="0"/>
  <testcase name="Then Clicking on &quot;Manage Your Profile&quot; in about me page" classname="| environment |" time="0"/>
  <testcase name="Then Clicking on &quot;#editExperienceModal&quot; in manage profile page" classname="| environment |" time="0"/>
  <testcase name="Then Setting &quot;companyName1&quot; as &quot;Wayne Enterprises&quot;" classname="| environment |" time="0"/>
  <testcase name="Then Setting &quot;title1&quot; as &quot;CEO&quot;" classname="| environment |" time="0"/>
  <testcase name="Then Selecting Start and end date as &quot;Current&quot;" classname="| environment |" time="0"/>
  <testcase name="Then Clicking on Save experience button" classname="| environment |" time="0"/>
  <testcase name="Then Clicking on &quot;#editEducationModal&quot; in manage profile page" classname="| environment |" time="0"/>
  <testcase name="Then Setting &quot;schoolName1&quot; as &quot;BVB&quot;" classname="| environment |" time="0"/>
  <testcase name="Then Slecting Other from degree dropdown" classname="| environment |" time="0"/>
  <testcase name="Then Clicking on the no checkbox" classname="| environment |" time="0"/>
  <testcase name="Then Clicking on Save education button" classname="| environment |" time="0"/>
  <testcase name="Then Clicking on &quot;#editResumeUploadModal&quot; in manage profile page" classname="| environment |" time="0"/>
  <testcase name="Then Clicking on Upload resume link" classname="| environment |" time="0"/>
  <testcase name="Then Uploading the resume" classname="| environment |" time="0"/>
  <testcase name="Then Clicking on Upload button" classname="| environment |" time="0"/>
  <testcase name="Then Clicking on Save resume button" classname="| environment |" time="0"/>
  <testcase name="Then Clicking on &quot;About Me&quot; tab" classname="| environment |" time="0"/>
  <testcase name="Then Clicking on &quot;About Me&quot; tab" classname="| environment |" time="0"/>
  <testcase name="Then Clicking on &quot;About Me&quot; tab" classname="| environment |" time="0"/>
  <testcase name="Then To verify the profile percentage" classname="| environment |" time="0.006">
    <failure message="expected:&lt;true&gt; but was:&lt;false&gt;" type="java.lang.AssertionError"><![CDATA[java.lang.AssertionError: expected:<true> but was:<false>
]]></failure>
  </testcase>
  <testcase name="| environment |" classname="| environment |" time="0.006">
    <failure message="expected:&lt;true&gt; but was:&lt;false&gt;" type="java.lang.AssertionError"><![CDATA[java.lang.AssertionError: expected:<true> but was:<false>
]]></failure>
  </testcase>
  <testcase name="| environment |" classname="| environment |" time="4.119"/>
  <testcase name="| environment |" classname="| environment |" time="4.342"/>
  <testcase name="Then Sign out of the user" classname="| environment |" time="0">
    <skipped/>
  </testcase>
  <testcase name="Then Sign out of the user" classname="| environment |" time="0"/>
  <testcase name="Then Sign out of the user" classname="| environment |" time="0"/>
  <testcase name="Then Sign out of the user" classname="| environment |" time="0"/>
  <testcase name="Given Load the url &quot;environment&quot;" classname="| environment | Full-Time | Permanent | Logistics Distribution and Supply Chain |" time="0"/>
  <testcase name="Then Clicking on Login button" classname="| environment | Full-Time | Permanent | Logistics Distribution and Supply Chain |" time="0"/>
  <testcase name="Then Setting &quot;Email&quot; in login &quot;txtUserName&quot; from output" classname="| environment | Full-Time | Permanent | Logistics Distribution and Supply Chain |" time="0"/>
  <testcase name="Then Setting &quot;Password&quot; in login &quot;txtPassword&quot;" classname="| environment | Full-Time | Permanent | Logistics Distribution and Supply Chain |" time="0"/>
  <testcase name="Then Clicking on the &quot;loginbtn&quot; button" classname="| environment | Full-Time | Permanent | Logistics Distribution and Supply Chain |" time="0"/>
  <testcase name="Then Clicking on find jobs" classname="| environment | Full-Time | Permanent | Logistics Distribution and Supply Chain |" time="0"/>
  <testcase name="Then Clicking on find jobs" classname="| environment | Full-Time | Permanent | Logistics Distribution and Supply Chain |" time="0"/>
  <testcase name="Then Setting Job Serach filter as &quot;Full-Time&quot;" classname="| environment | Full-Time | Permanent | Logistics Distribution and Supply Chain |" time="0"/>
  <testcase name="Then Setting Job Serach filter as &quot;Permanent&quot;" classname="| environment | Full-Time | Permanent | Logistics Distribution and Supply Chain |" time="0"/>
  <testcase name="Then To verify the filtered job results and click view and apply" classname="| environment | Full-Time | Permanent | Logistics Distribution and Supply Chain |" time="0"/>
  <testcase name="Then Wait for the page to load &quot;4000&quot;" classname="| environment | Full-Time | Permanent | Logistics Distribution and Supply Chain |" time="0"/>
  <testcase name="Then Wait for the page to load &quot;4000&quot;" classname="| environment | Full-Time | Permanent | Logistics Distribution and Supply Chain |" time="0"/>
  <testcase name="Then Clicking on &quot;Job Tracker&quot; tab" classname="| environment | Full-Time | Permanent | Logistics Distribution and Supply Chain |" time="0"/>
  <testcase name="Then Clicking on &quot;Job Tracker&quot; tab" classname="| environment | Full-Time | Permanent | Logistics Distribution and Supply Chain |" time="0"/>
  <testcase name="Then To verify the applied job" classname="| environment | Full-Time | Permanent | Logistics Distribution and Supply Chain |" time="0"/>
  <testcase name="Then To verify the filtered job results and click view and save" classname="| environment | Full-Time | Permanent | Logistics Distribution and Supply Chain |" time="0"/>
  <testcase name="Then To verify the saved job" classname="| environment | Full-Time | Permanent | Logistics Distribution and Supply Chain |" time="0"/>
  <testcase name="Then Sign out of the user" classname="| environment | Full-Time | Permanent | Logistics Distribution and Supply Chain |" time="0.001"/>
  <testcase name="| environment | Full-Time | Permanent | Logistics Distribution and Supply Chain |" classname="| environment | Full-Time | Permanent | Logistics Distribution and Supply Chain |" time="4.06"/>
  <testcase name="Then Clicking on &quot;Settings&quot; in top toggle" classname="| environment |" time="0"/>
  <testcase name="Then Clicking on &quot;Settings&quot; in top toggle" classname="| environment |" time="0"/>
  <testcase name="Then Selecting &quot;Spanish&quot; language from dropdown" classname="| environment |" time="0"/>
  <testcase name="Then Clicking on Language Save" classname="| environment |" time="0"/>
  <testcase name="Then Clicking on Language Save" classname="| environment |" time="0"/>
  <testcase name="Then Clicking on &quot;Acerca de&quot; tab" classname="| environment |" time="0"/>
  <testcase name="Then Clicking on &quot;Rastreador de empleos&quot; tab" classname="| environment |" time="0"/>
  <testcase name="Then Clicking on &quot;Centro de asociados&quot; tab" classname="| environment |" time="0"/>
  <testcase name="Then Clicking on &quot;Recursos profesionales&quot; tab" classname="| environment |" time="0"/>
  <testcase name="Then Clicking on &quot;Ajustes&quot; in top toggle" classname="| environment |" time="0"/>
  <testcase name="Then Selecting Ingls language from dropdown" classname="| environment |" time="0"/>
  <testcase name="Then Setting &quot;oldPassword&quot; in change password as &quot;Password&quot;" classname="| environment |" time="0"/>
  <testcase name="Then Setting &quot;newPassword&quot; in change password as &quot;ChangedPassword&quot;" classname="| environment |" time="0"/>
  <testcase name="Then Wait for the page to load &quot;4000&quot;" classname="| environment |" time="0"/>
  <testcase name="Then Setting &quot;cfmPassword&quot; in change password as &quot;ChangedPassword&quot;" classname="| environment |" time="0"/>
  <testcase name="Then Clicking on Change password Save" classname="| environment |" time="0"/>
  <testcase name="Then Wait for the page to load &quot;7000&quot;" classname="| environment |" time="0"/>
  <testcase name="Then Setting &quot;ChangedPassword&quot; in login &quot;txtPassword&quot;" classname="| environment |" time="0"/>
  <testcase name="Then Clicking on &quot;Job Tracker&quot; tab" classname="| environment |" time="0"/>
  <testcase name="Then Clicking on &quot;Associate Center&quot; tab" classname="| environment |" time="0"/>
  <testcase name="Then Clicking on &quot;Career Resources&quot; tab" classname="| environment |" time="0"/>
</testsuite>